main.py --dataset ./data/pkuo_dataset --crf --devi 0 --dict pkuo.pkl

Namespace(dataset='./data/pkuo_dataset', dict='pkuo.pkl', word_embeddings=None, bigram_embeddings=None, crf=True, devi='0', step=0, num_epochs=80, flex=-1, batch_size=256, d_model=256, d_ff=1024, N=6, h=4, factor=2, dropout=0.2, log_dir='result', task_name='2022-06-07-14-58-56', no_model=False, always_model=False, old_model=None, skip_dev=False, freeze=False, only_task=False, subset=None, seclude=None, instances=None, python_seed=6800269803118098967, debug=False, test=False)
Python random seed: 6800269803118098967
Number training instances: 136584
Number dev instances: 15175
Epoch 1 out of 80
time: 39.73389196395874 loss: 10.529028305846653 step: 534
<pku>	83.52	81.77	82.63	0.00
TOT	83.52	81.77	82.63
AVG	83.52	81.77	82.63	0.00
- new best score!
Saving model to result/2022-06-07-14-58-56/model.bin
Epoch 2 out of 80
time: 34.198668003082275 loss: 5.274757938494397 step: 1068
<pku>	88.64	88.08	88.36	0.00
TOT	88.64	88.08	88.36
AVG	88.64	88.08	88.36	0.00
- new best score!
Saving model to result/2022-06-07-14-58-56/model.bin
Epoch 3 out of 80
time: 34.12783741950989 loss: 2.954682982565089 step: 1602
<pku>	92.01	91.25	91.63	0.00
TOT	92.01	91.25	91.63
AVG	92.01	91.25	91.63	0.00
- new best score!
Saving model to result/2022-06-07-14-58-56/model.bin
Epoch 4 out of 80
time: 31.33711314201355 loss: 2.0171311979325077 step: 2136
<pku>	92.40	93.01	92.70	0.00
TOT	92.40	93.01	92.70
AVG	92.40	93.01	92.70	0.00
- new best score!
Saving model to result/2022-06-07-14-58-56/model.bin
Epoch 5 out of 80
time: 33.895888328552246 loss: 1.460955379370335 step: 2670
<pku>	92.99	93.70	93.34	0.00
TOT	92.99	93.70	93.34
AVG	92.99	93.70	93.34	0.00
- new best score!
Saving model to result/2022-06-07-14-58-56/model.bin
Epoch 6 out of 80
time: 32.49141478538513 loss: 1.194736967302775 step: 3204
<pku>	94.30	94.21	94.25	0.00
TOT	94.30	94.21	94.25
AVG	94.30	94.21	94.25	0.00
- new best score!
Saving model to result/2022-06-07-14-58-56/model.bin
Epoch 7 out of 80
time: 34.1506187915802 loss: 1.028498652471362 step: 3738
<pku>	94.43	94.03	94.23	0.00
TOT	94.43	94.03	94.23
AVG	94.43	94.03	94.23	0.00
Epoch 8 out of 80
time: 33.06269288063049 loss: 0.9735578659307978 step: 4272
<pku>	93.71	94.44	94.07	0.00
TOT	93.71	94.44	94.07
AVG	93.71	94.44	94.07	0.00
Epoch 9 out of 80
time: 34.280717849731445 loss: 0.8875996170684082 step: 4806
<pku>	94.72	94.73	94.72	0.00
TOT	94.72	94.73	94.72
AVG	94.72	94.73	94.72	0.00
- new best score!
Saving model to result/2022-06-07-14-58-56/model.bin
Epoch 10 out of 80
time: 33.67427086830139 loss: 0.8069856985008226 step: 5340
<pku>	94.82	94.95	94.88	0.00
TOT	94.82	94.95	94.88
AVG	94.82	94.95	94.88	0.00
- new best score!
Saving model to result/2022-06-07-14-58-56/model.bin
Epoch 11 out of 80
time: 35.00196123123169 loss: 0.7363002260219068 step: 5874
<pku>	94.41	94.99	94.70	0.00
TOT	94.41	94.99	94.70
AVG	94.41	94.99	94.70	0.00
Epoch 12 out of 80
time: 33.2711865901947 loss: 0.6942051043699073 step: 6408
<pku>	94.85	95.04	94.94	0.00
TOT	94.85	95.04	94.94
AVG	94.85	95.04	94.94	0.00
- new best score!
Saving model to result/2022-06-07-14-58-56/model.bin
Epoch 13 out of 80
time: 36.21791315078735 loss: 0.6537805151278049 step: 6942
<pku>	94.74	95.21	94.98	0.00
TOT	94.74	95.21	94.98
AVG	94.74	95.21	94.98	0.00
- new best score!
Saving model to result/2022-06-07-14-58-56/model.bin
Epoch 14 out of 80
time: 34.54701638221741 loss: 0.6134035385977686 step: 7476
<pku>	95.01	95.36	95.19	0.00
TOT	95.01	95.36	95.19
AVG	95.01	95.36	95.19	0.00
- new best score!
Saving model to result/2022-06-07-14-58-56/model.bin
Epoch 15 out of 80
time: 32.09709191322327 loss: 0.5759955124322618 step: 8010
<pku>	94.87	95.34	95.10	0.00
TOT	94.87	95.34	95.10
AVG	94.87	95.34	95.10	0.00
Epoch 16 out of 80
time: 33.4988579750061 loss: 0.549140255221546 step: 8544
<pku>	95.28	95.35	95.32	0.00
TOT	95.28	95.35	95.32
AVG	95.28	95.35	95.32	0.00
- new best score!
Saving model to result/2022-06-07-14-58-56/model.bin
Epoch 17 out of 80
time: 33.91578960418701 loss: 0.528274309476105 step: 9078
<pku>	94.84	95.62	95.23	0.00
TOT	94.84	95.62	95.23
AVG	94.84	95.62	95.23	0.00
Epoch 18 out of 80
time: 33.207513093948364 loss: 0.5058021923729431 step: 9612
<pku>	94.86	95.65	95.25	0.00
TOT	94.86	95.65	95.25
AVG	94.86	95.65	95.25	0.00
Epoch 19 out of 80
time: 33.93694019317627 loss: 0.4847006828485803 step: 10146
<pku>	95.29	95.65	95.47	0.00
TOT	95.29	95.65	95.47
AVG	95.29	95.65	95.47	0.00
- new best score!
Saving model to result/2022-06-07-14-58-56/model.bin
Epoch 20 out of 80
time: 32.95662236213684 loss: 0.4634017495696576 step: 10680
<pku>	95.43	95.66	95.55	0.00
TOT	95.43	95.66	95.55
AVG	95.43	95.66	95.55	0.00
- new best score!
Saving model to result/2022-06-07-14-58-56/model.bin
Epoch 21 out of 80
time: 38.87973642349243 loss: 0.4433307972237858 step: 11214
<pku>	95.56	95.83	95.69	0.00
TOT	95.56	95.83	95.69
AVG	95.56	95.83	95.69	0.00
- new best score!
Saving model to result/2022-06-07-14-58-56/model.bin
Epoch 22 out of 80
time: 35.212748527526855 loss: 0.4299982415114561 step: 11748
<pku>	95.23	95.70	95.46	0.00
TOT	95.23	95.70	95.46
AVG	95.23	95.70	95.46	0.00
Epoch 23 out of 80
time: 34.290313959121704 loss: 0.4159528405339307 step: 12282
<pku>	95.39	95.83	95.61	0.00
TOT	95.39	95.83	95.61
AVG	95.39	95.83	95.61	0.00
Epoch 24 out of 80
time: 33.25474762916565 loss: 0.399125181961707 step: 12816
<pku>	95.47	95.89	95.68	0.00
TOT	95.47	95.89	95.68
AVG	95.47	95.89	95.68	0.00
Epoch 25 out of 80
time: 33.515599727630615 loss: 0.3867349188900396 step: 13350
<pku>	95.47	95.86	95.66	0.00
TOT	95.47	95.86	95.66
AVG	95.47	95.86	95.66	0.00
Epoch 26 out of 80
time: 33.8537495136261 loss: 0.37743919535996984 step: 13884
<pku>	95.59	95.87	95.73	0.00
TOT	95.59	95.87	95.73
AVG	95.59	95.87	95.73	0.00
- new best score!
Saving model to result/2022-06-07-14-58-56/model.bin
Epoch 27 out of 80
time: 34.831443309783936 loss: 0.3643623504871398 step: 14418
<pku>	95.57	95.94	95.76	0.00
TOT	95.57	95.94	95.76
AVG	95.57	95.94	95.76	0.00
- new best score!
Saving model to result/2022-06-07-14-58-56/model.bin
Epoch 28 out of 80
time: 36.27804708480835 loss: 0.3544901144945443 step: 14952
<pku>	95.90	95.98	95.94	0.00
TOT	95.90	95.98	95.94
AVG	95.90	95.98	95.94	0.00
- new best score!
Saving model to result/2022-06-07-14-58-56/model.bin
Epoch 29 out of 80
time: 33.07878041267395 loss: 0.3466107718618622 step: 15486
<pku>	95.67	96.01	95.84	0.00
TOT	95.67	96.01	95.84
AVG	95.67	96.01	95.84	0.00
Epoch 30 out of 80
time: 33.498875856399536 loss: 0.33565540917301445 step: 16020
<pku>	95.66	95.91	95.78	0.00
TOT	95.66	95.91	95.78
AVG	95.66	95.91	95.78	0.00
Epoch 31 out of 80
time: 31.945716381072998 loss: 0.3250868118504125 step: 16554
<pku>	95.50	96.13	95.81	0.00
TOT	95.50	96.13	95.81
AVG	95.50	96.13	95.81	0.00
Epoch 32 out of 80
time: 35.735626459121704 loss: 0.3186217292668891 step: 17088
<pku>	95.47	96.09	95.78	0.00
TOT	95.47	96.09	95.78
AVG	95.47	96.09	95.78	0.00
Epoch 33 out of 80
time: 34.47041058540344 loss: 0.31145315225958153 step: 17622
<pku>	95.57	96.12	95.84	0.00
TOT	95.57	96.12	95.84
AVG	95.57	96.12	95.84	0.00
Epoch 34 out of 80
time: 35.482399225234985 loss: 0.301592751856098 step: 18156
<pku>	95.73	96.17	95.95	0.00
TOT	95.73	96.17	95.95
AVG	95.73	96.17	95.95	0.00
- new best score!
Saving model to result/2022-06-07-14-58-56/model.bin
Epoch 35 out of 80
time: 36.40948700904846 loss: 0.2937335524889414 step: 18690
<pku>	95.47	96.19	95.83	0.00
TOT	95.47	96.19	95.83
AVG	95.47	96.19	95.83	0.00
Epoch 36 out of 80
time: 34.5108597278595 loss: 0.29227288647062993 step: 19224
<pku>	95.73	96.08	95.90	0.00
TOT	95.73	96.08	95.90
AVG	95.73	96.08	95.90	0.00
Epoch 37 out of 80
time: 33.100059032440186 loss: 0.284289717241731 step: 19758
<pku>	95.85	96.07	95.96	0.00
TOT	95.85	96.07	95.96
AVG	95.85	96.07	95.96	0.00
- new best score!
Saving model to result/2022-06-07-14-58-56/model.bin
Epoch 38 out of 80
time: 36.29822063446045 loss: 0.278823291617777 step: 20292
<pku>	95.96	96.08	96.02	0.00
TOT	95.96	96.08	96.02
AVG	95.96	96.08	96.02	0.00
- new best score!
Saving model to result/2022-06-07-14-58-56/model.bin
Epoch 39 out of 80
time: 33.2650990486145 loss: 0.2710610544064853 step: 20826
<pku>	95.73	96.26	95.99	0.00
TOT	95.73	96.26	95.99
AVG	95.73	96.26	95.99	0.00
Epoch 40 out of 80
time: 32.32778978347778 loss: 0.2680282095440206 step: 21360
<pku>	95.70	96.24	95.97	0.00
TOT	95.70	96.24	95.97
AVG	95.70	96.24	95.97	0.00
Epoch 41 out of 80
time: 33.089038372039795 loss: 0.2640248416305593 step: 21894
<pku>	95.69	96.22	95.95	0.00
TOT	95.69	96.22	95.95
AVG	95.69	96.22	95.95	0.00
Epoch 42 out of 80
time: 34.583035945892334 loss: 0.25956788647236223 step: 22428
<pku>	95.47	96.18	95.82	0.00
TOT	95.47	96.18	95.82
AVG	95.47	96.18	95.82	0.00
Epoch 43 out of 80
time: 32.73994994163513 loss: 0.25346577473068505 step: 22962
<pku>	95.85	96.28	96.06	0.00
TOT	95.85	96.28	96.06
AVG	95.85	96.28	96.06	0.00
- new best score!
Saving model to result/2022-06-07-14-58-56/model.bin
Epoch 44 out of 80
time: 34.17282724380493 loss: 0.2489617040192478 step: 23496
<pku>	95.82	96.18	96.00	0.00
TOT	95.82	96.18	96.00
AVG	95.82	96.18	96.00	0.00
Epoch 45 out of 80
time: 33.884523153305054 loss: 0.24383023830500436 step: 24030
<pku>	95.92	96.13	96.02	0.00
TOT	95.92	96.13	96.02
AVG	95.92	96.13	96.02	0.00
Epoch 46 out of 80
time: 34.506298780441284 loss: 0.24015648128667128 step: 24564
<pku>	95.92	96.15	96.04	0.00
TOT	95.92	96.15	96.04
AVG	95.92	96.15	96.04	0.00
Epoch 47 out of 80
time: 34.44372773170471 loss: 0.23612708726911788 step: 25098
<pku>	95.89	96.23	96.06	0.00
TOT	95.89	96.23	96.06
AVG	95.89	96.23	96.06	0.00
Epoch 48 out of 80
time: 35.6980767250061 loss: 0.23060381228334448 step: 25632
<pku>	95.84	96.33	96.09	0.00
TOT	95.84	96.33	96.09
AVG	95.84	96.33	96.09	0.00
- new best score!
Saving model to result/2022-06-07-14-58-56/model.bin
Epoch 49 out of 80
time: 33.746241092681885 loss: 0.22656918308708104 step: 26166
<pku>	96.02	96.35	96.18	0.00
TOT	96.02	96.35	96.18
AVG	96.02	96.35	96.18	0.00
- new best score!
Saving model to result/2022-06-07-14-58-56/model.bin
Epoch 50 out of 80
time: 35.24562096595764 loss: 0.2225439070204224 step: 26700
<pku>	95.79	96.38	96.08	0.00
TOT	95.79	96.38	96.08
AVG	95.79	96.38	96.08	0.00
Epoch 51 out of 80
time: 33.94025754928589 loss: 0.2225352855615513 step: 27234
<pku>	95.74	96.36	96.05	0.00
TOT	95.74	96.36	96.05
AVG	95.74	96.36	96.05	0.00
Epoch 52 out of 80
time: 32.97434902191162 loss: 0.21575706474455109 step: 27768
<pku>	95.91	96.33	96.12	0.00
TOT	95.91	96.33	96.12
AVG	95.91	96.33	96.12	0.00
Epoch 53 out of 80
time: 32.9971878528595 loss: 0.21380459510961944 step: 28302
<pku>	95.85	96.31	96.08	0.00
TOT	95.85	96.31	96.08
AVG	95.85	96.31	96.08	0.00
Epoch 54 out of 80
time: 32.73869180679321 loss: 0.21097443097232657 step: 28836
<pku>	95.99	96.36	96.17	0.00
TOT	95.99	96.36	96.17
AVG	95.99	96.36	96.17	0.00
Epoch 55 out of 80
time: 31.233004570007324 loss: 0.2058195558338241 step: 29370
<pku>	95.96	96.34	96.15	0.00
TOT	95.96	96.34	96.15
AVG	95.96	96.34	96.15	0.00
Epoch 56 out of 80
time: 32.59670877456665 loss: 0.20409502219478512 step: 29904
<pku>	96.05	96.32	96.19	0.00
TOT	96.05	96.32	96.19
AVG	96.05	96.32	96.19	0.00
- new best score!
Saving model to result/2022-06-07-14-58-56/model.bin
Epoch 57 out of 80
time: 34.16975522041321 loss: 0.1985085452889347 step: 30438
<pku>	95.91	96.31	96.11	0.00
TOT	95.91	96.31	96.11
AVG	95.91	96.31	96.11	0.00
Epoch 58 out of 80
time: 35.24996781349182 loss: 0.20237705370320586 step: 30972
<pku>	95.95	96.29	96.12	0.00
TOT	95.95	96.29	96.12
AVG	95.95	96.29	96.12	0.00
Epoch 59 out of 80
time: 34.06609344482422 loss: 0.19659978703138756 step: 31506
<pku>	95.97	96.35	96.16	0.00
TOT	95.97	96.35	96.16
AVG	95.97	96.35	96.16	0.00
Epoch 60 out of 80
time: 31.71358585357666 loss: 0.19410952864291517 step: 32040
<pku>	95.89	96.42	96.16	0.00
TOT	95.89	96.42	96.16
AVG	95.89	96.42	96.16	0.00
Epoch 61 out of 80
time: 33.85826802253723 loss: 0.19253349416516025 step: 32574
<pku>	96.09	96.28	96.19	0.00
TOT	96.09	96.28	96.19
AVG	96.09	96.28	96.19	0.00
- new best score!
Saving model to result/2022-06-07-14-58-56/model.bin
Epoch 62 out of 80
time: 36.679147720336914 loss: 0.19097145266607682 step: 33108
<pku>	95.88	96.48	96.18	0.00
TOT	95.88	96.48	96.18
AVG	95.88	96.48	96.18	0.00
Epoch 63 out of 80
time: 37.162564277648926 loss: 0.1845330771840132 step: 33642
<pku>	96.02	96.37	96.19	0.00
TOT	96.02	96.37	96.19
AVG	96.02	96.37	96.19	0.00
- new best score!
Saving model to result/2022-06-07-14-58-56/model.bin
Epoch 64 out of 80
time: 32.788020849227905 loss: 0.18830259869133265 step: 34176
<pku>	96.03	96.41	96.22	0.00
TOT	96.03	96.41	96.22
AVG	96.03	96.41	96.22	0.00
- new best score!
Saving model to result/2022-06-07-14-58-56/model.bin
Epoch 65 out of 80
time: 34.245352029800415 loss: 0.18191317691422357 step: 34710
<pku>	96.03	96.39	96.21	0.00
TOT	96.03	96.39	96.21
AVG	96.03	96.39	96.21	0.00
Epoch 66 out of 80
time: 32.790451526641846 loss: 0.1793486951163199 step: 35244
<pku>	95.82	96.35	96.09	0.00
TOT	95.82	96.35	96.09
AVG	95.82	96.35	96.09	0.00
Epoch 67 out of 80
time: 33.479716777801514 loss: 0.18130385706877886 step: 35778
<pku>	95.88	96.43	96.15	0.00
TOT	95.88	96.43	96.15
AVG	95.88	96.43	96.15	0.00
Epoch 68 out of 80
time: 31.794212341308594 loss: 0.1747536561294888 step: 36312
<pku>	95.85	96.44	96.14	0.00
TOT	95.85	96.44	96.14
AVG	95.85	96.44	96.14	0.00
Epoch 69 out of 80
time: 36.03093862533569 loss: 0.1701710375046797 step: 36846
<pku>	96.04	96.37	96.21	0.00
TOT	96.04	96.37	96.21
AVG	96.04	96.37	96.21	0.00
Epoch 70 out of 80
time: 32.186134815216064 loss: 0.17351436367335168 step: 37380
<pku>	95.98	96.41	96.20	0.00
TOT	95.98	96.41	96.20
AVG	95.98	96.41	96.20	0.00
Epoch 71 out of 80
time: 37.70092177391052 loss: 0.17165537802188585 step: 37914
<pku>	95.89	96.37	96.13	0.00
TOT	95.89	96.37	96.13
AVG	95.89	96.37	96.13	0.00
Epoch 72 out of 80
time: 37.959439277648926 loss: 0.16743084145814516 step: 38448
<pku>	95.91	96.39	96.15	0.00
TOT	95.91	96.39	96.15
AVG	95.91	96.39	96.15	0.00
Epoch 73 out of 80
time: 34.17556881904602 loss: 0.1638972329512964 step: 38982
<pku>	96.00	96.41	96.20	0.00
TOT	96.00	96.41	96.20
AVG	96.00	96.41	96.20	0.00
Epoch 74 out of 80
time: 33.78863549232483 loss: 0.16450787519108268 step: 39516
<pku>	96.04	96.42	96.23	0.00
TOT	96.04	96.42	96.23
AVG	96.04	96.42	96.23	0.00
- new best score!
Saving model to result/2022-06-07-14-58-56/model.bin
Epoch 75 out of 80
time: 32.616926431655884 loss: 0.16133875338437406 step: 40050
<pku>	95.96	96.44	96.20	0.00
TOT	95.96	96.44	96.20
AVG	95.96	96.44	96.20	0.00
Epoch 76 out of 80
time: 32.023141860961914 loss: 0.1613200967398922 step: 40584
<pku>	96.10	96.41	96.26	0.00
TOT	96.10	96.41	96.26
AVG	96.10	96.41	96.26	0.00
- new best score!
Saving model to result/2022-06-07-14-58-56/model.bin
Epoch 77 out of 80
time: 33.946407318115234 loss: 0.15957531028720184 step: 41118
<pku>	95.83	96.41	96.12	0.00
TOT	95.83	96.41	96.12
AVG	95.83	96.41	96.12	0.00
Epoch 78 out of 80
time: 32.966991662979126 loss: 0.1578608372768436 step: 41652
<pku>	96.03	96.39	96.21	0.00
TOT	96.03	96.39	96.21
AVG	96.03	96.39	96.21	0.00
Epoch 79 out of 80
time: 31.302722930908203 loss: 0.1532962259972531 step: 42186
<pku>	96.09	96.33	96.21	0.00
TOT	96.09	96.33	96.21
AVG	96.09	96.33	96.21	0.00
Epoch 80 out of 80
time: 32.910902976989746 loss: 0.1568510631720225 step: 42720
<pku>	95.96	96.47	96.21	0.00
TOT	95.96	96.47	96.21
AVG	95.96	96.47	96.21	0.00


Number test instances: 14081
<pku>	93.73	94.54	94.13	62.17
TOT	93.73	94.54	94.13
AVG	93.73	94.54	94.13	62.17
